<?xml version="1.0" encoding="UTF-8"?>
<!-- Generated by org.testng.reporters.JUnitReportReporter -->
<testsuite hostname="Cimple" failures="0" tests="1" name="com.pojo.concept.maps.MapsRestAssured" time="2.042" errors="0" timestamp="2023-11-16T12:57:41 CST" skipped="0">
  <testcase classname="com.pojo.concept.maps.MapsRestAssured" name="BasicPojoSerializationTest" time="2.042"/>
  <system-out/>
</testsuite> <!-- com.pojo.concept.maps.MapsRestAssured -->
