<?xml version="1.0" encoding="UTF-8"?>
<!-- Generated by org.testng.reporters.JUnitReportReporter -->
<testsuite hostname="Cimple" failures="0" tests="1" name="SpecBuilder.MapProject" time="2.876" errors="0" timestamp="2023-11-16T13:35:40 CST" skipped="0">
  <testcase classname="SpecBuilder.MapProject" name="SpecBuilderTest" time="2.876"/>
  <system-out/>
</testsuite> <!-- SpecBuilder.MapProject -->
